#
# There is insufficient memory for the Java Runtime Environment to continue.
# Native memory allocation (malloc) failed to allocate 1048576 bytes for AllocateHeap
# Possible reasons:
#   The system is out of physical RAM or swap space
#   In 32 bit mode, the process size limit was hit
# Possible solutions:
#   Reduce memory load on the system
#   Increase physical memory or swap space
#   Check if swap backing store is full
#   Use 64 bit Java on a 64 bit OS
#   Decrease Java heap size (-Xmx/-Xms)
#   Decrease number of Java threads
#   Decrease Java thread stack sizes (-Xss)
#   Set larger code cache with -XX:ReservedCodeCacheSize=
# This output file may be truncated or incomplete.
#
#  Out of Memory Error (memory/allocation.inline.hpp:61), pid=10636, tid=37628
#
# JRE version:  (7.0_79-b15) (build )
# Java VM: Java HotSpot(TM) 64-Bit Server VM (24.79-b02 mixed mode windows-amd64 compressed oops)
# Failed to write core dump. Minidumps are not enabled by default on client versions of Windows
#

---------------  T H R E A D  ---------------

Current thread (0x0000000003410800):  JavaThread "Unknown thread" [_thread_in_vm, id=37628, stack(0x0000000003310000,0x0000000003410000)]

Stack: [0x0000000003310000,0x0000000003410000]

---------------  P R O C E S S  ---------------

Java Threads: ( => current thread )

Other Threads:

=>0x0000000003410800 (exited) JavaThread "Unknown thread" [_thread_in_vm, id=37628, stack(0x0000000003310000,0x0000000003410000)]

VM state:not at safepoint (normal execution)

VM Mutex/Monitor currently owned by a thread: None

Heap
 PSYoungGen      total 76288K, used 1310K [0x00000007ab200000, 0x00000007b0700000, 0x0000000800000000)
  eden space 65536K, 2% used [0x00000007ab200000,0x00000007ab347b38,0x00000007af200000)
  from space 10752K, 0% used [0x00000007afc80000,0x00000007afc80000,0x00000007b0700000)
  to   space 10752K, 0% used [0x00000007af200000,0x00000007af200000,0x00000007afc80000)
 ParOldGen       total 173568K, used 0K [0x0000000701600000, 0x000000070bf80000, 0x00000007ab200000)
  object space 173568K, 0% used [0x0000000701600000,0x0000000701600000,0x000000070bf80000)
 PSPermGen       total 21504K, used 697K [0x00000006fc400000, 0x00000006fd900000, 0x0000000701600000)
  object space 21504K, 3% used [0x00000006fc400000,0x00000006fc4ae588,0x00000006fd900000)

Card table byte_map: [0x00000000065d0000,0x0000000006df0000] byte_map_base: 0x0000000002dee000

Polling page: 0x00000000031b0000

Code Cache  [0x0000000003510000, 0x0000000003780000, 0x0000000006510000)
 total_blobs=38 nmethods=0 adapters=20 free_code_cache=48889Kb largest_free_block=50062528

Compilation events (0 events):
No events

GC Heap History (0 events):
No events

Deoptimization events (0 events):
No events

Internal exceptions (0 events):
No events

Events (10 events):
Event: 0.020 loading class 0x000000000345f600
Event: 0.020 loading class 0x000000000345f600 done
Event: 0.020 loading class 0x000000000345f650
Event: 0.020 loading class 0x000000000345f650 done
Event: 0.020 loading class 0x000000000345f6a0
Event: 0.020 loading class 0x000000000345f6a0 done
Event: 0.020 loading class 0x0000000003460420
Event: 0.020 loading class 0x0000000003460420 done
Event: 0.020 loading class 0x0000000003460040
Event: 0.020 loading class 0x0000000003460040 done


Dynamic libraries:
0x00007ff6ea370000 - 0x00007ff6ea3a3000 	F:\Java\jdk1.7.0_79\jre\bin\javaw.exe
0x00007ff9f36e0000 - 0x00007ff9f38b1000 	C:\Windows\SYSTEM32\ntdll.dll
0x00007ff9f0c70000 - 0x00007ff9f0d1b000 	C:\Windows\System32\KERNEL32.DLL
0x00007ff9f08c0000 - 0x00007ff9f0add000 	C:\Windows\System32\KERNELBASE.dll
0x00007ff9f12d0000 - 0x00007ff9f1372000 	C:\Windows\System32\ADVAPI32.dll
0x00007ff9f13f0000 - 0x00007ff9f148e000 	C:\Windows\System32\msvcrt.dll
0x00007ff9f3440000 - 0x00007ff9f3499000 	C:\Windows\System32\sechost.dll
0x00007ff9f1490000 - 0x00007ff9f15b1000 	C:\Windows\System32\RPCRT4.dll
0x00007ff9f3570000 - 0x00007ff9f36d5000 	C:\Windows\System32\USER32.dll
0x00007ff9f0bf0000 - 0x00007ff9f0c0e000 	C:\Windows\System32\win32u.dll
0x00007ff9f1290000 - 0x00007ff9f12c4000 	C:\Windows\System32\GDI32.dll
0x00007ff9effa0000 - 0x00007ff9f0122000 	C:\Windows\System32\gdi32full.dll
0x00007ff9e4750000 - 0x00007ff9e49c9000 	C:\Windows\WinSxS\amd64_microsoft.windows.common-controls_6595b64144ccf1df_6.0.14393.447_none_42191651c6827bb3\COMCTL32.dll
0x00007ff9f2cd0000 - 0x00007ff9f2f98000 	C:\Windows\System32\combase.dll
0x00007ff9efbd0000 - 0x00007ff9efcc5000 	C:\Windows\System32\ucrtbase.dll
0x00007ff9f0ae0000 - 0x00007ff9f0b4a000 	C:\Windows\System32\bcryptPrimitives.dll
0x00007ff9f3380000 - 0x00007ff9f33ae000 	C:\Windows\System32\IMM32.DLL
0x00000000621e0000 - 0x00000000622b2000 	F:\Java\jdk1.7.0_79\jre\bin\msvcr100.dll
0x0000000060b70000 - 0x0000000061345000 	F:\Java\jdk1.7.0_79\jre\bin\server\jvm.dll
0x00007ff9f3010000 - 0x00007ff9f3018000 	C:\Windows\System32\PSAPI.DLL
0x00007ff9d4a00000 - 0x00007ff9d4a09000 	C:\Windows\SYSTEM32\WSOCK32.dll
0x00007ff9edef0000 - 0x00007ff9edf13000 	C:\Windows\SYSTEM32\WINMM.dll
0x00007ff9f2fa0000 - 0x00007ff9f300a000 	C:\Windows\System32\WS2_32.dll
0x00000000031e0000 - 0x000000000320b000 	C:\Windows\SYSTEM32\WINMMBASE.dll
0x00007ff9efcd0000 - 0x00007ff9efd12000 	C:\Windows\System32\cfgmgr32.dll
0x00000000621d0000 - 0x00000000621df000 	F:\Java\jdk1.7.0_79\jre\bin\verify.dll
0x00000000621a0000 - 0x00000000621c8000 	F:\Java\jdk1.7.0_79\jre\bin\java.dll
0x0000000062180000 - 0x0000000062195000 	F:\Java\jdk1.7.0_79\jre\bin\zip.dll

VM Arguments:
jvm_args: -Dfile.encoding=UTF-8 
java_command: test.JListDemo
Launcher Type: SUN_STANDARD

Environment Variables:
JAVA_HOME=D:\Java\jdk1.8.0_111
PATH=C:\ProgramData\Oracle\Java\javapath;D:\DevelopTools\Orecle-g11\product\11.2.0\dbhome_1\bin;D:\Java\jdk1.8.0_111/bin;D:\Java\jdk1.8.0_111;C:\Windows\system32;C:\Windows;C:\Windows\System32\Wbem;C:\Windows\System32\WindowsPowerShell\v1.0\;D:\DevelopTools\Mysql\mysql-5.6.33-winx64\bin;D:\DevelopTools\Jar_Path\apache-maven-3.3.9/bin;C:\Program Files\Microsoft SQL Server\110\DTS\Binn\;C:\Program Files (x86)\Microsoft SQL Server\110\Tools\Binn\;C:\Program Files\Microsoft SQL Server\110\Tools\Binn\;C:\Program Files (x86)\Microsoft SQL Server\110\Tools\Binn\ManagementStudio\;C:\Program Files (x86)\Microsoft Visual Studio 10.0\Common7\IDE\PrivateAssemblies\;C:\Program Files (x86)\Microsoft SQL Server\110\DTS\Binn\;D:\DevelopTools\SVN\VisualSVN Server\bin;D:\DevelopTools\SVN\TortoiseSVN\bin;D:\DevelopTools\node\;C:\Users\a3858\AppData\Local\Microsoft\WindowsApps;C:\Users\a3858\AppData\Roaming\npm
USERNAME=Blong
OS=Windows_NT
PROCESSOR_IDENTIFIER=Intel64 Family 6 Model 94 Stepping 3, GenuineIntel



---------------  S Y S T E M  ---------------

OS: Windows 8.1 , 64 bit Build 9600 

CPU:total 8 (4 cores per cpu, 2 threads per core) family 6 model 94 stepping 3, cmov, cx8, fxsr, mmx, sse, sse2, sse3, ssse3, sse4.1, sse4.2, popcnt, avx, avx2, erms, ht, tsc, tscinvbit

Memory: 4k page, physical 16683544k(9184740k free), swap 31232280k(5984k free)

vm_info: Java HotSpot(TM) 64-Bit Server VM (24.79-b02) for windows-amd64 JRE (1.7.0_79-b15), built on Apr 10 2015 12:36:16 by "java_re" with unknown MS VC++:1600

time: Sun Feb 26 12:59:08 2017
elapsed time: 0 seconds

